[
  {
    "level": "INFO",
    "message": "android.ndkVersion from module build.gradle is 20.1.5948944"
  },
  {
    "level": "INFO",
    "message": "ndk.dir in local.properties is not set"
  },
  {
    "level": "INFO",
    "message": "ANDROID_NDK_HOME environment variable is not set"
  },
  {
    "level": "INFO",
    "message": "sdkFolder is /Users/william-personal/Library/Android/sdk"
  },
  {
    "level": "INFO",
    "message": "Considering /Users/william-personal/Library/Android/sdk/ndk-bundle in SDK ndk-bundle folder"
  },
  {
    "level": "INFO",
    "message": "Considering /Users/william-personal/Library/Android/sdk/ndk/27.0.11902837 in SDK ndk folder"
  },
  {
    "level": "INFO",
    "message": "Considering /Users/william-personal/Library/Android/sdk/ndk/26.1.10909125 in SDK ndk folder"
  },
  {
    "level": "INFO",
    "message": "Rejected /Users/william-personal/Library/Android/sdk/ndk-bundle in SDK ndk-bundle folder because that location has no source.properties"
  },
  {
    "level": "INFO",
    "message": "Rejected /Users/william-personal/Library/Android/sdk/ndk/27.0.11902837 in SDK ndk folder because that NDK had version 27.0.11902837 which didn\u0027t match the requested version 20.1.5948944"
  },
  {
    "level": "INFO",
    "message": "Rejected /Users/william-personal/Library/Android/sdk/ndk/26.1.10909125 in SDK ndk folder because that NDK had version 26.1.10909125 which didn\u0027t match the requested version 20.1.5948944"
  },
  {
    "level": "ERROR",
    "message": "No version of NDK matched the requested version 20.1.5948944. Versions available locally: 26.1.10909125, 27.0.11902837"
  }
]